<?xml version="1.0" encoding="UTF-8"?>
<!-- Generated by org.testng.reporters.JUnitReportReporter -->
<testsuite hostname="Asus" failures="0" tests="1" name="Tesla.LoginTest" time="54.816" errors="0" timestamp="2023-04-28T14:54:22 ALMT" skipped="0">
  <testcase classname="Tesla.LoginTest" name="testLogin" time="54.816"/>
  <system-out/>
</testsuite> <!-- Tesla.LoginTest -->
